<?xml version="1.0" encoding="UTF-8"?>
<!-- Generated by org.testng.reporters.JUnitReportReporter -->
<testsuite skipped="0" hostname="ATMECSINLT-269" name="com.qa.practice.reqressite.TC001_GET_Request_reqres" tests="1" failures="0" timestamp="22 Apr 2020 15:49:22 GMT" time="3.443" errors="0">
  <testcase name="getCountOfUsers" time="3.443" classname="com.qa.practice.reqressite.TC001_GET_Request_reqres"/>
</testsuite> <!-- com.qa.practice.reqressite.TC001_GET_Request_reqres -->
