<?xml version="1.0" encoding="UTF-8"?>
<!-- Generated by org.testng.reporters.JUnitReportReporter -->
<testsuite skipped="0" hostname="ATMECSINLT-269" name="com.wheatherdetails.Demo2_POST_Request" tests="1" failures="0" timestamp="17 Apr 2020 13:19:05 GMT" time="3.481" errors="0">
  <testcase name="testpost" time="3.481" classname="com.wheatherdetails.Demo2_POST_Request"/>
</testsuite> <!-- com.wheatherdetails.Demo2_POST_Request -->
