<?xml version="1.0" encoding="UTF-8"?>
<!-- Generated by org.testng.reporters.JUnitReportReporter -->
<testsuite skipped="0" hostname="ATMECSINLT-269" name="com.qa.apiautomation.restassured.testscripts.TC001_GET_Request_JsonPlaceHolder" tests="3" failures="0" timestamp="24 Apr 2020 06:55:09 GMT" time="4.908" errors="0">
  <testcase name="getCountOfAllUsers" time="3.344" classname="com.qa.apiautomation.restassured.testscripts.TC001_GET_Request_JsonPlaceHolder"/>
  <testcase name="getallUsersWithCondition" time="0.778" classname="com.qa.apiautomation.restassured.testscripts.TC001_GET_Request_JsonPlaceHolder"/>
  <testcase name="getUsersKeyId" time="0.786" classname="com.qa.apiautomation.restassured.testscripts.TC001_GET_Request_JsonPlaceHolder"/>
</testsuite> <!-- com.qa.apiautomation.restassured.testscripts.TC001_GET_Request_JsonPlaceHolder -->
