<?xml version="1.0" encoding="UTF-8"?>
<!-- Generated by org.testng.reporters.JUnitReportReporter -->
<testsuite skipped="0" hostname="ATMECSINLT-269" name="com.qa.apiautomation.restassured.testscripts.TC002_POST_Request_DummyRestAPI" tests="2" failures="0" timestamp="24 Apr 2020 10:09:09 GMT" time="4.139" errors="0">
  <testcase name="testpost" time="3.328" classname="com.qa.apiautomation.restassured.testscripts.TC002_POST_Request_DummyRestAPI"/>
  <testcase name="testGet" time="0.811" classname="com.qa.apiautomation.restassured.testscripts.TC002_POST_Request_DummyRestAPI"/>
</testsuite> <!-- com.qa.apiautomation.restassured.testscripts.TC002_POST_Request_DummyRestAPI -->
