<?xml version="1.0" encoding="UTF-8"?>
<!-- Generated by org.testng.reporters.JUnitReportReporter -->
<testsuite skipped="0" hostname="ATMECSINLT-269" name="com.practice.restassured.TC001_GET_Request_JsonPlaceHolder" tests="3" failures="0" timestamp="24 Apr 2020 05:27:40 GMT" time="5.978" errors="0">
  <testcase name="getCountOfAllUsers" time="3.791" classname="com.practice.restassured.TC001_GET_Request_JsonPlaceHolder"/>
  <testcase name="getallUsersWithCondition" time="1.125" classname="com.practice.restassured.TC001_GET_Request_JsonPlaceHolder"/>
  <testcase name="getUsersKeyId" time="1.062" classname="com.practice.restassured.TC001_GET_Request_JsonPlaceHolder"/>
</testsuite> <!-- com.practice.restassured.TC001_GET_Request_JsonPlaceHolder -->
