<?xml version="1.0" encoding="UTF-8"?>
<!-- Generated by org.testng.reporters.JUnitReportReporter -->
<testsuite skipped="0" hostname="ATMECSINLT-269" name="com.practice.restassured.TC001_GET_Request" tests="3" failures="0" timestamp="22 Apr 2020 15:36:19 GMT" time="36.680" errors="0">
  <testcase name="getCountOfAllUsers" time="2.953" classname="com.practice.restassured.TC001_GET_Request"/>
  <testcase name="getallUsersWithCondition" time="33.453" classname="com.practice.restassured.TC001_GET_Request"/>
  <testcase name="getUsersKeyId" time="0.274" classname="com.practice.restassured.TC001_GET_Request"/>
</testsuite> <!-- com.practice.restassured.TC001_GET_Request -->
