<?xml version="1.0" encoding="UTF-8"?>
<!-- Generated by org.testng.reporters.JUnitReportReporter -->
<testsuite skipped="0" hostname="ATMECSINLT-269" name="com.qa.apiautomation.restassured.testscripts.TC001_GET_Request_JsonPlaceHolder" tests="3" failures="0" timestamp="24 Apr 2020 11:22:50 GMT" time="3.448" errors="0">
  <testcase name="getCountOfAllUsers" time="2.949" classname="com.qa.apiautomation.restassured.testscripts.TC001_GET_Request_JsonPlaceHolder"/>
  <testcase name="getallUsersWithCondition" time="0.249" classname="com.qa.apiautomation.restassured.testscripts.TC001_GET_Request_JsonPlaceHolder"/>
  <testcase name="getUsersKeyId" time="0.250" classname="com.qa.apiautomation.restassured.testscripts.TC001_GET_Request_JsonPlaceHolder"/>
</testsuite> <!-- com.qa.apiautomation.restassured.testscripts.TC001_GET_Request_JsonPlaceHolder -->
