<?xml version="1.0" encoding="UTF-8"?>
<!-- Generated by org.testng.reporters.JUnitReportReporter -->
<testsuite skipped="0" hostname="ATMECSINLT-269" name="com.practice.restassured.TC002_POST_Request_DummyRestAPI" tests="2" failures="0" timestamp="24 Apr 2020 05:21:40 GMT" time="4.946" errors="0">
  <testcase name="testpost" time="4.210" classname="com.practice.restassured.TC002_POST_Request_DummyRestAPI"/>
  <testcase name="testGet" time="0.736" classname="com.practice.restassured.TC002_POST_Request_DummyRestAPI"/>
</testsuite> <!-- com.practice.restassured.TC002_POST_Request_DummyRestAPI -->
