<?xml version="1.0" encoding="UTF-8"?>
<!-- Generated by org.testng.reporters.JUnitReportReporter -->
<testsuite skipped="0" hostname="ATMECSINLT-269" name="com.qa.apiautomation.restassured.testscripts.TC002_POST_Request_DummyRestAPI" tests="2" failures="0" timestamp="24 Apr 2020 06:55:26 GMT" time="3.900" errors="0">
  <testcase name="testpost" time="3.351" classname="com.qa.apiautomation.restassured.testscripts.TC002_POST_Request_DummyRestAPI"/>
  <testcase name="testGet" time="0.549" classname="com.qa.apiautomation.restassured.testscripts.TC002_POST_Request_DummyRestAPI"/>
</testsuite> <!-- com.qa.apiautomation.restassured.testscripts.TC002_POST_Request_DummyRestAPI -->
