<?xml version="1.0" encoding="UTF-8"?>
<!-- Generated by org.testng.reporters.JUnitReportReporter -->
<testsuite skipped="0" hostname="ATMECSINLT-269" name="com.wheatherdetails.Demo1_GET_Request" tests="3" failures="0" timestamp="17 Apr 2020 10:38:14 GMT" time="28.340" errors="0">
  <testcase name="getUserIdWithCondition" time="12.423" classname="com.wheatherdetails.Demo1_GET_Request"/>
  <testcase name="getidswithUserID" time="7.972" classname="com.wheatherdetails.Demo1_GET_Request"/>
  <testcase name="getCountOfAllJsonArray" time="7.945" classname="com.wheatherdetails.Demo1_GET_Request"/>
</testsuite> <!-- com.wheatherdetails.Demo1_GET_Request -->
