<?xml version="1.0" encoding="UTF-8"?>
<!-- Generated by org.testng.reporters.JUnitReportReporter -->
<testsuite skipped="0" hostname="ATMECSINLT-269" name="com.qa.apiautomation.restassured.testscripts.TC002_POST_Request_DummyRestAPI" tests="1" failures="0" timestamp="24 Apr 2020 11:23:29 GMT" time="3.456" errors="0">
  <testcase name="postNewEmployee" time="3.456" classname="com.qa.apiautomation.restassured.testscripts.TC002_POST_Request_DummyRestAPI"/>
</testsuite> <!-- com.qa.apiautomation.restassured.testscripts.TC002_POST_Request_DummyRestAPI -->
