<?xml version="1.0" encoding="UTF-8"?>
<!-- Generated by org.testng.reporters.JUnitReportReporter -->
<testsuite skipped="0" hostname="ATMECSINLT-269" name="com.wheatherdetails.TC001_GET_Request" tests="3" failures="0" timestamp="17 Apr 2020 16:54:45 GMT" time="11.087" errors="0">
  <testcase name="getCountOfAllUsers" time="5.428" classname="com.wheatherdetails.TC001_GET_Request"/>
  <testcase name="getallUsersWithCondition" time="2.528" classname="com.wheatherdetails.TC001_GET_Request"/>
  <testcase name="getUsersKeyId" time="3.131" classname="com.wheatherdetails.TC001_GET_Request"/>
</testsuite> <!-- com.wheatherdetails.TC001_GET_Request -->
