<?xml version="1.0" encoding="UTF-8"?>
<!-- Generated by org.testng.reporters.JUnitReportReporter -->
<testsuite skipped="0" hostname="ATMECSINLT-269" name="com.practice.restassured.TC003_Delete_Request" tests="1" failures="0" timestamp="17 Apr 2020 17:15:13 GMT" time="3.731" errors="0">
  <testcase name="verifydelete" time="3.731" classname="com.practice.restassured.TC003_Delete_Request"/>
</testsuite> <!-- com.practice.restassured.TC003_Delete_Request -->
