<?xml version="1.0" encoding="UTF-8"?>
<!-- Generated by org.testng.reporters.JUnitReportReporter -->
<testsuite skipped="0" hostname="ATMECSINLT-269" name="com.qa.apiautomation.restassured.testscripts.TC_003_GET_Request_DummyRestAPI" tests="1" failures="0" timestamp="24 Apr 2020 11:23:45 GMT" time="2.632" errors="0">
  <testcase name="getEmployeeIdsWithSalaries" time="2.632" classname="com.qa.apiautomation.restassured.testscripts.TC_003_GET_Request_DummyRestAPI"/>
</testsuite> <!-- com.qa.apiautomation.restassured.testscripts.TC_003_GET_Request_DummyRestAPI -->
